c:\users\2233488\documents\code\jeuxvideo\lab_agence\laboratoire_agence\x64\debug\vc143.pdb
c:\users\2233488\documents\code\jeuxvideo\lab_agence\laboratoire_agence\x64\debug\vc143.idb
c:\users\2233488\documents\code\jeuxvideo\lab_agence\laboratoire_agence\x64\debug\vaisseau.obj
c:\users\2233488\documents\code\jeuxvideo\lab_agence\laboratoire_agence\x64\debug\transport.obj
c:\users\2233488\documents\code\jeuxvideo\lab_agence\laboratoire_agence\x64\debug\station.obj
c:\users\2233488\documents\code\jeuxvideo\lab_agence\laboratoire_agence\x64\debug\mission.obj
c:\users\2233488\documents\code\jeuxvideo\lab_agence\laboratoire_agence\x64\debug\livraison.obj
c:\users\2233488\documents\code\jeuxvideo\lab_agence\laboratoire_agence\x64\debug\laboratoire_agence.obj
c:\users\2233488\documents\code\jeuxvideo\lab_agence\laboratoire_agence\x64\debug\guerre.obj
c:\users\2233488\documents\code\jeuxvideo\lab_agence\laboratoire_agence\x64\debug\factoryvaisseau.obj
c:\users\2233488\documents\code\jeuxvideo\lab_agence\laboratoire_agence\x64\debug\faction.obj
c:\users\2233488\documents\code\jeuxvideo\lab_agence\laboratoire_agence\x64\debug\laboratoire_agence.pdb
c:\users\2233488\documents\code\jeuxvideo\lab_agence\laboratoire_agence\x64\debug\laborato.663cedd4.tlog\cl.command.1.tlog
c:\users\2233488\documents\code\jeuxvideo\lab_agence\laboratoire_agence\x64\debug\laborato.663cedd4.tlog\cl.items.tlog
c:\users\2233488\documents\code\jeuxvideo\lab_agence\laboratoire_agence\x64\debug\laborato.663cedd4.tlog\cl.read.1.tlog
c:\users\2233488\documents\code\jeuxvideo\lab_agence\laboratoire_agence\x64\debug\laborato.663cedd4.tlog\cl.write.1.tlog
c:\users\2233488\documents\code\jeuxvideo\lab_agence\laboratoire_agence\x64\debug\laborato.663cedd4.tlog\link-cvtres.read.1.tlog
c:\users\2233488\documents\code\jeuxvideo\lab_agence\laboratoire_agence\x64\debug\laborato.663cedd4.tlog\link-cvtres.write.1.tlog
c:\users\2233488\documents\code\jeuxvideo\lab_agence\laboratoire_agence\x64\debug\laborato.663cedd4.tlog\link-rc.read.1.tlog
c:\users\2233488\documents\code\jeuxvideo\lab_agence\laboratoire_agence\x64\debug\laborato.663cedd4.tlog\link-rc.write.1.tlog
c:\users\2233488\documents\code\jeuxvideo\lab_agence\laboratoire_agence\x64\debug\laborato.663cedd4.tlog\link.7904-cvtres.read.1.tlog
c:\users\2233488\documents\code\jeuxvideo\lab_agence\laboratoire_agence\x64\debug\laborato.663cedd4.tlog\link.7904-cvtres.write.1.tlog
c:\users\2233488\documents\code\jeuxvideo\lab_agence\laboratoire_agence\x64\debug\laborato.663cedd4.tlog\link.7904-rc.read.1.tlog
c:\users\2233488\documents\code\jeuxvideo\lab_agence\laboratoire_agence\x64\debug\laborato.663cedd4.tlog\link.7904-rc.write.1.tlog
c:\users\2233488\documents\code\jeuxvideo\lab_agence\laboratoire_agence\x64\debug\laborato.663cedd4.tlog\link.7904.read.1.tlog
c:\users\2233488\documents\code\jeuxvideo\lab_agence\laboratoire_agence\x64\debug\laborato.663cedd4.tlog\link.7904.read.2.tlog
c:\users\2233488\documents\code\jeuxvideo\lab_agence\laboratoire_agence\x64\debug\laborato.663cedd4.tlog\link.7904.write.1.tlog
c:\users\2233488\documents\code\jeuxvideo\lab_agence\laboratoire_agence\x64\debug\laborato.663cedd4.tlog\link.command.1.tlog
c:\users\2233488\documents\code\jeuxvideo\lab_agence\laboratoire_agence\x64\debug\laborato.663cedd4.tlog\link.read.1.tlog
c:\users\2233488\documents\code\jeuxvideo\lab_agence\laboratoire_agence\x64\debug\laborato.663cedd4.tlog\link.read.2.tlog
c:\users\2233488\documents\code\jeuxvideo\lab_agence\laboratoire_agence\x64\debug\laborato.663cedd4.tlog\link.write.1.tlog
